{"C:\\Users\\Adi Mor\\computerScience\\year3\\project\\Travel-Talk\\src\\app.ts": {"path":"C:\\Users\\Adi Mor\\computerScience\\year3\\project\\Travel-Talk\\src\\app.ts","statementMap":{"0":{"start":{"line":1,"column":0},"end":{"line":1,"column":25}},"1":{"start":{"line":2,"column":0},"end":{"line":2,"column":13}},"2":{"start":{"line":3,"column":0},"end":{"line":3,"column":43}},"3":{"start":{"line":4,"column":0},"end":{"line":4,"column":32}},"4":{"start":{"line":5,"column":0},"end":{"line":5,"column":37}},"5":{"start":{"line":6,"column":0},"end":{"line":6,"column":44}},"6":{"start":{"line":7,"column":0},"end":{"line":7,"column":44}},"7":{"start":{"line":8,"column":0},"end":{"line":8,"column":44}},"8":{"start":{"line":9,"column":0},"end":{"line":9,"column":67}},"9":{"start":{"line":10,"column":0},"end":{"line":10,"column":44}},"10":{"start":{"line":11,"column":0},"end":{"line":11,"column":50}},"11":{"start":{"line":12,"column":0},"end":{"line":12,"column":24}},"12":{"start":{"line":14,"column":16},"end":{"line":43,"column":1}},"13":{"start":{"line":15,"column":18},"end":{"line":41,"column":4}},"14":{"start":{"line":16,"column":15},"end":{"line":16,"column":34}},"15":{"start":{"line":17,"column":4},"end":{"line":17,"column":64}},"16":{"start":{"line":17,"column":26},"end":{"line":17,"column":62}},"17":{"start":{"line":18,"column":4},"end":{"line":18,"column":52}},"18":{"start":{"line":18,"column":30},"end":{"line":18,"column":50}},"19":{"start":{"line":19,"column":29},"end":{"line":19,"column":47}},"20":{"start":{"line":20,"column":4},"end":{"line":20,"column":34}},"21":{"start":{"line":21,"column":4},"end":{"line":40,"column":7}},"22":{"start":{"line":22,"column":18},"end":{"line":22,"column":27}},"23":{"start":{"line":23,"column":6},"end":{"line":23,"column":22}},"24":{"start":{"line":24,"column":6},"end":{"line":24,"column":33}},"25":{"start":{"line":25,"column":6},"end":{"line":25,"column":57}},"26":{"start":{"line":26,"column":6},"end":{"line":31,"column":9}},"27":{"start":{"line":27,"column":8},"end":{"line":27,"column":55}},"28":{"start":{"line":28,"column":8},"end":{"line":28,"column":56}},"29":{"start":{"line":29,"column":8},"end":{"line":29,"column":56}},"30":{"start":{"line":30,"column":8},"end":{"line":30,"column":15}},"31":{"start":{"line":32,"column":6},"end":{"line":32,"column":34}},"32":{"start":{"line":33,"column":6},"end":{"line":33,"column":34}},"33":{"start":{"line":34,"column":6},"end":{"line":34,"column":34}},"34":{"start":{"line":35,"column":6},"end":{"line":35,"column":56}},"35":{"start":{"line":36,"column":6},"end":{"line":36,"column":34}},"36":{"start":{"line":37,"column":6},"end":{"line":37,"column":51}},"37":{"start":{"line":38,"column":6},"end":{"line":38,"column":40}},"38":{"start":{"line":39,"column":6},"end":{"line":39,"column":19}},"39":{"start":{"line":42,"column":2},"end":{"line":42,"column":17}},"40":{"start":{"line":45,"column":0},"end":{"line":45,"column":23}}},"fnMap":{"0":{"name":"(anonymous_1)","decl":{"start":{"line":14,"column":16},"end":{"line":14,"column":37}},"loc":{"start":{"line":14,"column":39},"end":{"line":43,"column":1}}},"1":{"name":"(anonymous_2)","decl":{"start":{"line":15,"column":39},"end":{"line":15,"column":40}},"loc":{"start":{"line":15,"column":51},"end":{"line":41,"column":3}}},"2":{"name":"(anonymous_3)","decl":{"start":{"line":17,"column":20},"end":{"line":17,"column":23}},"loc":{"start":{"line":17,"column":26},"end":{"line":17,"column":62}}},"3":{"name":"(anonymous_4)","decl":{"start":{"line":18,"column":19},"end":{"line":18,"column":20}},"loc":{"start":{"line":18,"column":30},"end":{"line":18,"column":50}}},"4":{"name":"(anonymous_5)","decl":{"start":{"line":21,"column":44},"end":{"line":21,"column":47}},"loc":{"start":{"line":21,"column":49},"end":{"line":40,"column":5}}},"5":{"name":"(anonymous_6)","decl":{"start":{"line":26,"column":14},"end":{"line":26,"column":15}},"loc":{"start":{"line":26,"column":33},"end":{"line":31,"column":7}}}},"branchMap":{},"s":{"0":7,"1":7,"2":7,"3":7,"4":7,"5":7,"6":7,"7":7,"8":7,"9":7,"10":7,"11":7,"12":7,"13":7,"14":7,"15":7,"16":7,"17":7,"18":0,"19":7,"20":7,"21":7,"22":7,"23":7,"24":7,"25":7,"26":7,"27":60,"28":60,"29":60,"30":60,"31":7,"32":7,"33":7,"34":7,"35":7,"36":7,"37":7,"38":7,"39":7,"40":7},"f":{"0":7,"1":7,"2":7,"3":0,"4":7,"5":60},"b":{}}
,"C:\\Users\\Adi Mor\\computerScience\\year3\\project\\Travel-Talk\\src\\controllers\\auth_controller.ts": {"path":"C:\\Users\\Adi Mor\\computerScience\\year3\\project\\Travel-Talk\\src\\controllers\\auth_controller.ts","statementMap":{"0":{"start":{"line":2,"column":0},"end":{"line":2,"column":40}},"1":{"start":{"line":3,"column":0},"end":{"line":3,"column":28}},"2":{"start":{"line":4,"column":0},"end":{"line":4,"column":31}},"3":{"start":{"line":5,"column":0},"end":{"line":5,"column":51}},"4":{"start":{"line":7,"column":17},"end":{"line":33,"column":2}},"5":{"start":{"line":7,"column":55},"end":{"line":33,"column":2}},"6":{"start":{"line":8,"column":16},"end":{"line":8,"column":30}},"7":{"start":{"line":9,"column":19},"end":{"line":9,"column":36}},"8":{"start":{"line":10,"column":15},"end":{"line":10,"column":28}},"9":{"start":{"line":11,"column":2},"end":{"line":13,"column":null}},"10":{"start":{"line":12,"column":4},"end":{"line":12,"column":68}},"11":{"start":{"line":14,"column":2},"end":{"line":32,"column":null}},"12":{"start":{"line":15,"column":25},"end":{"line":15,"column":61}},"13":{"start":{"line":16,"column":4},"end":{"line":18,"column":null}},"14":{"start":{"line":17,"column":6},"end":{"line":17,"column":58}},"15":{"start":{"line":20,"column":17},"end":{"line":20,"column":41}},"16":{"start":{"line":21,"column":30},"end":{"line":21,"column":63}},"17":{"start":{"line":23,"column":20},"end":{"line":27,"column":6}},"18":{"start":{"line":28,"column":4},"end":{"line":28,"column":41}},"19":{"start":{"line":30,"column":4},"end":{"line":30,"column":23}},"20":{"start":{"line":31,"column":4},"end":{"line":31,"column":58}},"21":{"start":{"line":35,"column":14},"end":{"line":76,"column":2}},"22":{"start":{"line":35,"column":52},"end":{"line":76,"column":2}},"23":{"start":{"line":36,"column":16},"end":{"line":36,"column":30}},"24":{"start":{"line":37,"column":19},"end":{"line":37,"column":36}},"25":{"start":{"line":38,"column":2},"end":{"line":40,"column":null}},"26":{"start":{"line":39,"column":4},"end":{"line":39,"column":61}},"27":{"start":{"line":41,"column":2},"end":{"line":75,"column":null}},"28":{"start":{"line":42,"column":17},"end":{"line":42,"column":53}},"29":{"start":{"line":44,"column":4},"end":{"line":46,"column":null}},"30":{"start":{"line":45,"column":6},"end":{"line":45,"column":65}},"31":{"start":{"line":48,"column":18},"end":{"line":48,"column":63}},"32":{"start":{"line":49,"column":4},"end":{"line":49,"column":42}},"33":{"start":{"line":50,"column":4},"end":{"line":52,"column":null}},"34":{"start":{"line":51,"column":6},"end":{"line":51,"column":65}},"35":{"start":{"line":54,"column":24},"end":{"line":56,"column":6}},"36":{"start":{"line":57,"column":25},"end":{"line":59,"column":null}},"37":{"start":{"line":61,"column":4},"end":{"line":65,"column":null}},"38":{"start":{"line":62,"column":6},"end":{"line":62,"column":42}},"39":{"start":{"line":64,"column":6},"end":{"line":64,"column":44}},"40":{"start":{"line":66,"column":4},"end":{"line":66,"column":22}},"41":{"start":{"line":67,"column":4},"end":{"line":71,"column":7}},"42":{"start":{"line":73,"column":4},"end":{"line":73,"column":23}},"43":{"start":{"line":74,"column":4},"end":{"line":74,"column":52}},"44":{"start":{"line":78,"column":15},"end":{"line":112,"column":2}},"45":{"start":{"line":78,"column":53},"end":{"line":112,"column":2}},"46":{"start":{"line":80,"column":21},"end":{"line":80,"column":49}},"47":{"start":{"line":81,"column":23},"end":{"line":81,"column":61}},"48":{"start":{"line":83,"column":2},"end":{"line":83,"column":55}},"49":{"start":{"line":83,"column":28},"end":{"line":83,"column":55}},"50":{"start":{"line":86,"column":2},"end":{"line":92,"column":null}},"51":{"start":{"line":87,"column":20},"end":{"line":87,"column":76}},"52":{"start":{"line":88,"column":17},"end":{"line":88,"column":43}},"53":{"start":{"line":89,"column":4},"end":{"line":89,"column":22}},"54":{"start":{"line":91,"column":4},"end":{"line":91,"column":31}},"55":{"start":{"line":93,"column":2},"end":{"line":95,"column":null}},"56":{"start":{"line":94,"column":4},"end":{"line":94,"column":31}},"57":{"start":{"line":97,"column":17},"end":{"line":97,"column":52}},"58":{"start":{"line":99,"column":2},"end":{"line":111,"column":null}},"59":{"start":{"line":101,"column":4},"end":{"line":101,"column":30}},"60":{"start":{"line":102,"column":4},"end":{"line":102,"column":24}},"61":{"start":{"line":103,"column":4},"end":{"line":103,"column":31}},"62":{"start":{"line":106,"column":4},"end":{"line":108,"column":6}},"63":{"start":{"line":107,"column":13},"end":{"line":107,"column":31}},"64":{"start":{"line":109,"column":4},"end":{"line":109,"column":24}},"65":{"start":{"line":110,"column":4},"end":{"line":110,"column":31}},"66":{"start":{"line":114,"column":21},"end":{"line":164,"column":2}},"67":{"start":{"line":114,"column":59},"end":{"line":164,"column":2}},"68":{"start":{"line":115,"column":21},"end":{"line":115,"column":49}},"69":{"start":{"line":116,"column":23},"end":{"line":116,"column":61}},"70":{"start":{"line":118,"column":2},"end":{"line":118,"column":55}},"71":{"start":{"line":118,"column":28},"end":{"line":118,"column":55}},"72":{"start":{"line":119,"column":2},"end":{"line":163,"column":4}},"73":{"start":{"line":122,"column":41},"end":{"line":162,"column":null}},"74":{"start":{"line":123,"column":6},"end":{"line":126,"column":null}},"75":{"start":{"line":124,"column":8},"end":{"line":124,"column":25}},"76":{"start":{"line":125,"column":8},"end":{"line":125,"column":35}},"77":{"start":{"line":127,"column":6},"end":{"line":161,"column":null}},"78":{"start":{"line":128,"column":23},"end":{"line":128,"column":60}},"79":{"start":{"line":129,"column":8},"end":{"line":137,"column":null}},"80":{"start":{"line":133,"column":10},"end":{"line":133,"column":36}},"81":{"start":{"line":134,"column":10},"end":{"line":134,"column":30}},"82":{"start":{"line":136,"column":10},"end":{"line":136,"column":51}},"83":{"start":{"line":138,"column":28},"end":{"line":141,"column":null}},"84":{"start":{"line":143,"column":32},"end":{"line":145,"column":null}},"85":{"start":{"line":147,"column":8},"end":{"line":149,"column":10}},"86":{"start":{"line":148,"column":21},"end":{"line":148,"column":43}},"87":{"start":{"line":151,"column":8},"end":{"line":151,"column":51}},"88":{"start":{"line":152,"column":8},"end":{"line":152,"column":28}},"89":{"start":{"line":153,"column":8},"end":{"line":156,"column":11}},"90":{"start":{"line":160,"column":8},"end":{"line":160,"column":28}},"91":{"start":{"line":166,"column":15},"end":{"line":166,"column":33}},"92":{"start":{"line":167,"column":25},"end":{"line":214,"column":2}},"93":{"start":{"line":167,"column":63},"end":{"line":214,"column":2}},"94":{"start":{"line":168,"column":2},"end":{"line":168,"column":25}},"95":{"start":{"line":169,"column":2},"end":{"line":169,"column":62}},"96":{"start":{"line":170,"column":2},"end":{"line":170,"column":24}},"97":{"start":{"line":171,"column":2},"end":{"line":171,"column":62}},"98":{"start":{"line":173,"column":2},"end":{"line":213,"column":null}},"99":{"start":{"line":174,"column":19},"end":{"line":177,"column":6}},"100":{"start":{"line":178,"column":20},"end":{"line":178,"column":39}},"101":{"start":{"line":179,"column":4},"end":{"line":179,"column":25}},"102":{"start":{"line":180,"column":18},"end":{"line":180,"column":32}},"103":{"start":{"line":181,"column":4},"end":{"line":209,"column":null}},"104":{"start":{"line":182,"column":17},"end":{"line":182,"column":53}},"105":{"start":{"line":183,"column":6},"end":{"line":190,"column":null}},"106":{"start":{"line":185,"column":8},"end":{"line":189,"column":11}},"107":{"start":{"line":191,"column":26},"end":{"line":193,"column":8}},"108":{"start":{"line":194,"column":27},"end":{"line":196,"column":null}},"109":{"start":{"line":198,"column":6},"end":{"line":202,"column":null}},"110":{"start":{"line":199,"column":8},"end":{"line":199,"column":44}},"111":{"start":{"line":201,"column":8},"end":{"line":201,"column":46}},"112":{"start":{"line":203,"column":6},"end":{"line":203,"column":24}},"113":{"start":{"line":204,"column":6},"end":{"line":208,"column":9}},"114":{"start":{"line":211,"column":4},"end":{"line":211,"column":23}},"115":{"start":{"line":212,"column":4},"end":{"line":212,"column":45}},"116":{"start":{"line":216,"column":0},"end":{"line":222,"column":2}}},"fnMap":{"0":{"name":"(anonymous_8)","decl":{"start":{"line":7,"column":17},"end":{"line":7,"column":24}},"loc":{"start":{"line":7,"column":55},"end":{"line":33,"column":2}}},"1":{"name":"(anonymous_9)","decl":{"start":{"line":7,"column":55},"end":{"line":7,"column":null}},"loc":{"start":{"line":7,"column":55},"end":{"line":33,"column":1}}},"2":{"name":"(anonymous_10)","decl":{"start":{"line":35,"column":14},"end":{"line":35,"column":21}},"loc":{"start":{"line":35,"column":52},"end":{"line":76,"column":2}}},"3":{"name":"(anonymous_11)","decl":{"start":{"line":35,"column":52},"end":{"line":35,"column":null}},"loc":{"start":{"line":35,"column":52},"end":{"line":76,"column":1}}},"4":{"name":"(anonymous_12)","decl":{"start":{"line":78,"column":15},"end":{"line":78,"column":22}},"loc":{"start":{"line":78,"column":53},"end":{"line":112,"column":2}}},"5":{"name":"(anonymous_13)","decl":{"start":{"line":78,"column":53},"end":{"line":78,"column":null}},"loc":{"start":{"line":78,"column":53},"end":{"line":112,"column":1}}},"6":{"name":"(anonymous_14)","decl":{"start":{"line":107,"column":6},"end":{"line":107,"column":7}},"loc":{"start":{"line":107,"column":13},"end":{"line":107,"column":31}}},"7":{"name":"(anonymous_15)","decl":{"start":{"line":114,"column":21},"end":{"line":114,"column":28}},"loc":{"start":{"line":114,"column":59},"end":{"line":164,"column":2}}},"8":{"name":"(anonymous_16)","decl":{"start":{"line":114,"column":59},"end":{"line":114,"column":null}},"loc":{"start":{"line":114,"column":59},"end":{"line":164,"column":1}}},"9":{"name":"(anonymous_17)","decl":{"start":{"line":122,"column":4},"end":{"line":122,"column":11}},"loc":{"start":{"line":122,"column":41},"end":{"line":162,"column":null}}},"10":{"name":"(anonymous_18)","decl":{"start":{"line":122,"column":41},"end":{"line":122,"column":null}},"loc":{"start":{"line":122,"column":41},"end":{"line":162,"column":5}}},"11":{"name":"(anonymous_19)","decl":{"start":{"line":148,"column":10},"end":{"line":148,"column":11}},"loc":{"start":{"line":148,"column":21},"end":{"line":148,"column":43}}},"12":{"name":"(anonymous_20)","decl":{"start":{"line":167,"column":25},"end":{"line":167,"column":32}},"loc":{"start":{"line":167,"column":63},"end":{"line":214,"column":2}}},"13":{"name":"(anonymous_21)","decl":{"start":{"line":167,"column":63},"end":{"line":167,"column":null}},"loc":{"start":{"line":167,"column":63},"end":{"line":214,"column":1}}}},"branchMap":{"0":{"loc":{"start":{"line":11,"column":2},"end":{"line":13,"column":null}},"type":"if","locations":[{"start":{"line":11,"column":2},"end":{"line":13,"column":null}}]},"1":{"loc":{"start":{"line":11,"column":6},"end":{"line":11,"column":34}},"type":"binary-expr","locations":[{"start":{"line":11,"column":6},"end":{"line":11,"column":12}},{"start":{"line":11,"column":16},"end":{"line":11,"column":25}},{"start":{"line":11,"column":29},"end":{"line":11,"column":34}}]},"2":{"loc":{"start":{"line":16,"column":4},"end":{"line":18,"column":null}},"type":"if","locations":[{"start":{"line":16,"column":4},"end":{"line":18,"column":null}}]},"3":{"loc":{"start":{"line":38,"column":2},"end":{"line":40,"column":null}},"type":"if","locations":[{"start":{"line":38,"column":2},"end":{"line":40,"column":null}}]},"4":{"loc":{"start":{"line":38,"column":6},"end":{"line":38,"column":25}},"type":"binary-expr","locations":[{"start":{"line":38,"column":6},"end":{"line":38,"column":12}},{"start":{"line":38,"column":16},"end":{"line":38,"column":25}}]},"5":{"loc":{"start":{"line":44,"column":4},"end":{"line":46,"column":null}},"type":"if","locations":[{"start":{"line":44,"column":4},"end":{"line":46,"column":null}}]},"6":{"loc":{"start":{"line":50,"column":4},"end":{"line":52,"column":null}},"type":"if","locations":[{"start":{"line":50,"column":4},"end":{"line":52,"column":null}}]},"7":{"loc":{"start":{"line":61,"column":4},"end":{"line":65,"column":null}},"type":"if","locations":[{"start":{"line":61,"column":4},"end":{"line":65,"column":null}},{"start":{"line":63,"column":11},"end":{"line":65,"column":null}}]},"8":{"loc":{"start":{"line":81,"column":23},"end":{"line":81,"column":61}},"type":"binary-expr","locations":[{"start":{"line":81,"column":23},"end":{"line":81,"column":33}},{"start":{"line":81,"column":37},"end":{"line":81,"column":61}}]},"9":{"loc":{"start":{"line":83,"column":2},"end":{"line":83,"column":55}},"type":"if","locations":[{"start":{"line":83,"column":2},"end":{"line":83,"column":55}}]},"10":{"loc":{"start":{"line":93,"column":2},"end":{"line":95,"column":null}},"type":"if","locations":[{"start":{"line":93,"column":2},"end":{"line":95,"column":null}}]},"11":{"loc":{"start":{"line":99,"column":2},"end":{"line":111,"column":null}},"type":"if","locations":[{"start":{"line":99,"column":2},"end":{"line":111,"column":null}},{"start":{"line":104,"column":9},"end":{"line":111,"column":null}}]},"12":{"loc":{"start":{"line":99,"column":6},"end":{"line":99,"column":75}},"type":"binary-expr","locations":[{"start":{"line":99,"column":6},"end":{"line":99,"column":27}},{"start":{"line":99,"column":31},"end":{"line":99,"column":75}}]},"13":{"loc":{"start":{"line":116,"column":23},"end":{"line":116,"column":61}},"type":"binary-expr","locations":[{"start":{"line":116,"column":23},"end":{"line":116,"column":33}},{"start":{"line":116,"column":37},"end":{"line":116,"column":61}}]},"14":{"loc":{"start":{"line":118,"column":2},"end":{"line":118,"column":55}},"type":"if","locations":[{"start":{"line":118,"column":2},"end":{"line":118,"column":55}}]},"15":{"loc":{"start":{"line":123,"column":6},"end":{"line":126,"column":null}},"type":"if","locations":[{"start":{"line":123,"column":6},"end":{"line":126,"column":null}}]},"16":{"loc":{"start":{"line":129,"column":8},"end":{"line":137,"column":null}},"type":"if","locations":[{"start":{"line":129,"column":8},"end":{"line":137,"column":null}}]},"17":{"loc":{"start":{"line":130,"column":10},"end":{"line":131,"column":54}},"type":"binary-expr","locations":[{"start":{"line":130,"column":10},"end":{"line":130,"column":31}},{"start":{"line":131,"column":10},"end":{"line":131,"column":54}}]},"18":{"loc":{"start":{"line":180,"column":18},"end":{"line":180,"column":32}},"type":"cond-expr","locations":[{"start":{"line":180,"column":25},"end":{"line":180,"column":27}},{"start":{"line":180,"column":18},"end":{"line":180,"column":32}}]},"19":{"loc":{"start":{"line":180,"column":18},"end":{"line":180,"column":27}},"type":"binary-expr","locations":[{"start":{"line":180,"column":18},"end":{"line":180,"column":27}},{"start":{"line":180,"column":18},"end":{"line":180,"column":27}}]},"20":{"loc":{"start":{"line":181,"column":4},"end":{"line":209,"column":null}},"type":"if","locations":[{"start":{"line":181,"column":4},"end":{"line":209,"column":null}}]},"21":{"loc":{"start":{"line":183,"column":6},"end":{"line":190,"column":null}},"type":"if","locations":[{"start":{"line":183,"column":6},"end":{"line":190,"column":null}}]},"22":{"loc":{"start":{"line":188,"column":16},"end":{"line":188,"column":29}},"type":"cond-expr","locations":[{"start":{"line":188,"column":23},"end":{"line":188,"column":25}},{"start":{"line":188,"column":16},"end":{"line":188,"column":29}}]},"23":{"loc":{"start":{"line":188,"column":16},"end":{"line":188,"column":25}},"type":"binary-expr","locations":[{"start":{"line":188,"column":16},"end":{"line":188,"column":25}},{"start":{"line":188,"column":16},"end":{"line":188,"column":25}}]},"24":{"loc":{"start":{"line":198,"column":6},"end":{"line":202,"column":null}},"type":"if","locations":[{"start":{"line":198,"column":6},"end":{"line":202,"column":null}},{"start":{"line":200,"column":13},"end":{"line":202,"column":null}}]}},"s":{"0":7,"1":7,"2":7,"3":7,"4":7,"5":12,"6":12,"7":12,"8":12,"9":12,"10":1,"11":11,"12":11,"13":11,"14":6,"15":5,"16":5,"17":5,"18":5,"19":0,"20":0,"21":7,"22":10,"23":10,"24":10,"25":10,"26":1,"27":9,"28":9,"29":9,"30":1,"31":8,"32":8,"33":8,"34":0,"35":8,"36":8,"37":8,"38":0,"39":8,"40":8,"41":8,"42":0,"43":0,"44":7,"45":3,"46":3,"47":3,"48":3,"49":1,"50":2,"51":2,"52":1,"53":1,"54":1,"55":1,"56":0,"57":1,"58":1,"59":0,"60":0,"61":0,"62":1,"63":1,"64":1,"65":1,"66":7,"67":6,"68":6,"69":6,"70":6,"71":2,"72":4,"73":4,"74":4,"75":2,"76":2,"77":2,"78":2,"79":2,"80":0,"81":0,"82":0,"83":1,"84":1,"85":1,"86":1,"87":1,"88":1,"89":1,"90":1,"91":7,"92":7,"93":0,"94":0,"95":0,"96":0,"97":0,"98":0,"99":0,"100":0,"101":0,"102":0,"103":0,"104":0,"105":0,"106":0,"107":0,"108":0,"109":0,"110":0,"111":0,"112":0,"113":0,"114":0,"115":0,"116":7},"f":{"0":12,"1":12,"2":10,"3":10,"4":3,"5":3,"6":1,"7":6,"8":6,"9":4,"10":4,"11":1,"12":0,"13":0},"b":{"0":[1],"1":[12,11,11],"2":[6],"3":[1],"4":[10,9],"5":[1],"6":[0],"7":[0,8],"8":[3,2],"9":[1],"10":[0],"11":[0,1],"12":[1,1],"13":[6,5],"14":[2],"15":[2],"16":[0],"17":[2,1],"18":[0,0],"19":[0,0],"20":[0],"21":[0],"22":[0,0],"23":[0,0],"24":[0,0]}}
,"C:\\Users\\Adi Mor\\computerScience\\year3\\project\\Travel-Talk\\src\\controllers\\post_controller.ts": {"path":"C:\\Users\\Adi Mor\\computerScience\\year3\\project\\Travel-Talk\\src\\controllers\\post_controller.ts","statementMap":{"0":{"start":{"line":1,"column":0},"end":{"line":1,"column":51}},"1":{"start":{"line":6,"column":4},"end":{"line":6,"column":31}},"2":{"start":{"line":7,"column":4},"end":{"line":12,"column":null}},"3":{"start":{"line":8,"column":20},"end":{"line":8,"column":37}},"4":{"start":{"line":9,"column":6},"end":{"line":9,"column":22}},"5":{"start":{"line":11,"column":6},"end":{"line":11,"column":63}},"6":{"start":{"line":16,"column":4},"end":{"line":16,"column":48}},"7":{"start":{"line":17,"column":19},"end":{"line":17,"column":32}},"8":{"start":{"line":18,"column":4},"end":{"line":26,"column":null}},"9":{"start":{"line":19,"column":19},"end":{"line":19,"column":46}},"10":{"start":{"line":20,"column":6},"end":{"line":22,"column":null}},"11":{"start":{"line":21,"column":8},"end":{"line":21,"column":65}},"12":{"start":{"line":23,"column":6},"end":{"line":23,"column":28}},"13":{"start":{"line":25,"column":6},"end":{"line":25,"column":70}},"14":{"start":{"line":30,"column":4},"end":{"line":30,"column":42}},"15":{"start":{"line":31,"column":4},"end":{"line":36,"column":null}},"16":{"start":{"line":32,"column":26},"end":{"line":32,"column":53}},"17":{"start":{"line":33,"column":6},"end":{"line":33,"column":40}},"18":{"start":{"line":35,"column":6},"end":{"line":35,"column":63}},"19":{"start":{"line":40,"column":4},"end":{"line":40,"column":47}},"20":{"start":{"line":41,"column":19},"end":{"line":41,"column":32}},"21":{"start":{"line":42,"column":4},"end":{"line":52,"column":null}},"22":{"start":{"line":43,"column":26},"end":{"line":45,"column":8}},"23":{"start":{"line":46,"column":6},"end":{"line":48,"column":null}},"24":{"start":{"line":47,"column":8},"end":{"line":47,"column":65}},"25":{"start":{"line":49,"column":6},"end":{"line":49,"column":28}},"26":{"start":{"line":51,"column":6},"end":{"line":51,"column":63}},"27":{"start":{"line":56,"column":4},"end":{"line":56,"column":47}},"28":{"start":{"line":57,"column":19},"end":{"line":57,"column":32}},"29":{"start":{"line":58,"column":4},"end":{"line":66,"column":null}},"30":{"start":{"line":59,"column":26},"end":{"line":59,"column":62}},"31":{"start":{"line":63,"column":6},"end":{"line":63,"column":69}},"32":{"start":{"line":65,"column":6},"end":{"line":65,"column":63}},"33":{"start":{"line":70,"column":0},"end":{"line":70,"column":36}}},"fnMap":{"0":{"name":"(anonymous_8)","decl":{"start":{"line":5,"column":8},"end":{"line":5,"column":14}},"loc":{"start":{"line":5,"column":42},"end":{"line":13,"column":null}}},"1":{"name":"(anonymous_10)","decl":{"start":{"line":15,"column":8},"end":{"line":15,"column":15}},"loc":{"start":{"line":15,"column":43},"end":{"line":27,"column":null}}},"2":{"name":"(anonymous_12)","decl":{"start":{"line":29,"column":8},"end":{"line":29,"column":14}},"loc":{"start":{"line":29,"column":42},"end":{"line":37,"column":null}}},"3":{"name":"(anonymous_14)","decl":{"start":{"line":39,"column":8},"end":{"line":39,"column":18}},"loc":{"start":{"line":39,"column":46},"end":{"line":53,"column":null}}},"4":{"name":"(anonymous_16)","decl":{"start":{"line":55,"column":8},"end":{"line":55,"column":18}},"loc":{"start":{"line":55,"column":46},"end":{"line":67,"column":null}}}},"branchMap":{"0":{"loc":{"start":{"line":20,"column":6},"end":{"line":22,"column":null}},"type":"if","locations":[{"start":{"line":20,"column":6},"end":{"line":22,"column":null}}]},"1":{"loc":{"start":{"line":46,"column":6},"end":{"line":48,"column":null}},"type":"if","locations":[{"start":{"line":46,"column":6},"end":{"line":48,"column":null}}]}},"s":{"0":7,"1":4,"2":4,"3":4,"4":4,"5":0,"6":2,"7":2,"8":2,"9":2,"10":2,"11":1,"12":1,"13":0,"14":2,"15":2,"16":2,"17":2,"18":0,"19":1,"20":1,"21":1,"22":1,"23":1,"24":0,"25":1,"26":0,"27":2,"28":2,"29":2,"30":2,"31":1,"32":1,"33":7},"f":{"0":4,"1":2,"2":2,"3":1,"4":2},"b":{"0":[1],"1":[0]}}
,"C:\\Users\\Adi Mor\\computerScience\\year3\\project\\Travel-Talk\\src\\controllers\\post_interaction_controller.ts": {"path":"C:\\Users\\Adi Mor\\computerScience\\year3\\project\\Travel-Talk\\src\\controllers\\post_interaction_controller.ts","statementMap":{"0":{"start":{"line":2,"column":0},"end":{"line":2,"column":93}},"1":{"start":{"line":3,"column":0},"end":{"line":3,"column":49}},"2":{"start":{"line":9,"column":4},"end":{"line":9,"column":31}},"3":{"start":{"line":10,"column":4},"end":{"line":15,"column":null}},"4":{"start":{"line":11,"column":31},"end":{"line":11,"column":48}},"5":{"start":{"line":12,"column":6},"end":{"line":12,"column":33}},"6":{"start":{"line":14,"column":6},"end":{"line":14,"column":63}},"7":{"start":{"line":19,"column":4},"end":{"line":19,"column":55}},"8":{"start":{"line":20,"column":19},"end":{"line":20,"column":36}},"9":{"start":{"line":21,"column":4},"end":{"line":26,"column":null}},"10":{"start":{"line":22,"column":31},"end":{"line":22,"column":68}},"11":{"start":{"line":23,"column":6},"end":{"line":23,"column":45}},"12":{"start":{"line":25,"column":6},"end":{"line":25,"column":63}},"13":{"start":{"line":30,"column":4},"end":{"line":30,"column":61}},"14":{"start":{"line":31,"column":21},"end":{"line":31,"column":40}},"15":{"start":{"line":33,"column":4},"end":{"line":38,"column":null}},"16":{"start":{"line":34,"column":31},"end":{"line":34,"column":72}},"17":{"start":{"line":35,"column":6},"end":{"line":35,"column":45}},"18":{"start":{"line":37,"column":6},"end":{"line":37,"column":63}},"19":{"start":{"line":42,"column":4},"end":{"line":42,"column":63}},"20":{"start":{"line":43,"column":19},"end":{"line":43,"column":36}},"21":{"start":{"line":44,"column":4},"end":{"line":49,"column":null}},"22":{"start":{"line":45,"column":31},"end":{"line":45,"column":77}},"23":{"start":{"line":46,"column":6},"end":{"line":46,"column":33}},"24":{"start":{"line":48,"column":6},"end":{"line":48,"column":63}},"25":{"start":{"line":54,"column":4},"end":{"line":54,"column":31}},"26":{"start":{"line":55,"column":93},"end":{"line":55,"column":101}},"27":{"start":{"line":57,"column":4},"end":{"line":71,"column":null}},"28":{"start":{"line":58,"column":53},"end":{"line":58,"column":94}},"29":{"start":{"line":60,"column":6},"end":{"line":62,"column":null}},"30":{"start":{"line":61,"column":8},"end":{"line":61,"column":72}},"31":{"start":{"line":64,"column":6},"end":{"line":64,"column":57}},"32":{"start":{"line":66,"column":6},"end":{"line":66,"column":35}},"33":{"start":{"line":68,"column":6},"end":{"line":68,"column":70}},"34":{"start":{"line":70,"column":6},"end":{"line":70,"column":63}},"35":{"start":{"line":77,"column":0},"end":{"line":77,"column":47}}},"fnMap":{"0":{"name":"(anonymous_8)","decl":{"start":{"line":8,"column":8},"end":{"line":8,"column":19}},"loc":{"start":{"line":8,"column":47},"end":{"line":16,"column":null}}},"1":{"name":"(anonymous_10)","decl":{"start":{"line":18,"column":8},"end":{"line":18,"column":17}},"loc":{"start":{"line":18,"column":45},"end":{"line":27,"column":null}}},"2":{"name":"(anonymous_12)","decl":{"start":{"line":29,"column":8},"end":{"line":29,"column":21}},"loc":{"start":{"line":29,"column":49},"end":{"line":39,"column":null}}},"3":{"name":"(anonymous_14)","decl":{"start":{"line":41,"column":8},"end":{"line":41,"column":27}},"loc":{"start":{"line":41,"column":55},"end":{"line":50,"column":null}}},"4":{"name":"(anonymous_16)","decl":{"start":{"line":53,"column":8},"end":{"line":53,"column":18}},"loc":{"start":{"line":53,"column":46},"end":{"line":72,"column":null}}}},"branchMap":{"0":{"loc":{"start":{"line":60,"column":6},"end":{"line":62,"column":null}},"type":"if","locations":[{"start":{"line":60,"column":6},"end":{"line":62,"column":null}}]}},"s":{"0":7,"1":7,"2":1,"3":1,"4":1,"5":1,"6":0,"7":1,"8":1,"9":1,"10":1,"11":1,"12":0,"13":1,"14":1,"15":1,"16":1,"17":1,"18":0,"19":1,"20":1,"21":1,"22":1,"23":1,"24":0,"25":1,"26":1,"27":1,"28":1,"29":1,"30":1,"31":1,"32":1,"33":1,"34":0,"35":7},"f":{"0":1,"1":1,"2":1,"3":1,"4":1},"b":{"0":[1]}}
,"C:\\Users\\Adi Mor\\computerScience\\year3\\project\\Travel-Talk\\src\\controllers\\user_controller.ts": {"path":"C:\\Users\\Adi Mor\\computerScience\\year3\\project\\Travel-Talk\\src\\controllers\\user_controller.ts","statementMap":{"0":{"start":{"line":2,"column":0},"end":{"line":2,"column":56}},"1":{"start":{"line":4,"column":23},"end":{"line":28,"column":2}},"2":{"start":{"line":4,"column":66},"end":{"line":28,"column":2}},"3":{"start":{"line":5,"column":2},"end":{"line":27,"column":null}},"4":{"start":{"line":6,"column":19},"end":{"line":6,"column":36}},"5":{"start":{"line":7,"column":4},"end":{"line":7,"column":24}},"6":{"start":{"line":10,"column":17},"end":{"line":10,"column":49}},"7":{"start":{"line":12,"column":4},"end":{"line":14,"column":null}},"8":{"start":{"line":13,"column":6},"end":{"line":13,"column":65}},"9":{"start":{"line":16,"column":24},"end":{"line":21,"column":6}},"10":{"start":{"line":23,"column":4},"end":{"line":23,"column":30}},"11":{"start":{"line":25,"column":4},"end":{"line":25,"column":25}},"12":{"start":{"line":26,"column":4},"end":{"line":26,"column":69}},"13":{"start":{"line":30,"column":26},"end":{"line":50,"column":2}},"14":{"start":{"line":30,"column":69},"end":{"line":50,"column":2}},"15":{"start":{"line":31,"column":2},"end":{"line":49,"column":null}},"16":{"start":{"line":32,"column":19},"end":{"line":32,"column":36}},"17":{"start":{"line":33,"column":44},"end":{"line":33,"column":52}},"18":{"start":{"line":36,"column":24},"end":{"line":40,"column":6}},"19":{"start":{"line":42,"column":4},"end":{"line":44,"column":null}},"20":{"start":{"line":43,"column":6},"end":{"line":43,"column":65}},"21":{"start":{"line":45,"column":4},"end":{"line":45,"column":26}},"22":{"start":{"line":47,"column":4},"end":{"line":47,"column":25}},"23":{"start":{"line":48,"column":4},"end":{"line":48,"column":72}},"24":{"start":{"line":52,"column":0},"end":{"line":55,"column":2}}},"fnMap":{"0":{"name":"(anonymous_8)","decl":{"start":{"line":4,"column":23},"end":{"line":4,"column":30}},"loc":{"start":{"line":4,"column":66},"end":{"line":28,"column":2}}},"1":{"name":"(anonymous_9)","decl":{"start":{"line":4,"column":66},"end":{"line":4,"column":null}},"loc":{"start":{"line":4,"column":66},"end":{"line":28,"column":1}}},"2":{"name":"(anonymous_10)","decl":{"start":{"line":30,"column":26},"end":{"line":30,"column":33}},"loc":{"start":{"line":30,"column":69},"end":{"line":50,"column":2}}},"3":{"name":"(anonymous_11)","decl":{"start":{"line":30,"column":69},"end":{"line":30,"column":null}},"loc":{"start":{"line":30,"column":69},"end":{"line":50,"column":1}}}},"branchMap":{"0":{"loc":{"start":{"line":12,"column":4},"end":{"line":14,"column":null}},"type":"if","locations":[{"start":{"line":12,"column":4},"end":{"line":14,"column":null}}]},"1":{"loc":{"start":{"line":42,"column":4},"end":{"line":44,"column":null}},"type":"if","locations":[{"start":{"line":42,"column":4},"end":{"line":44,"column":null}}]}},"s":{"0":7,"1":7,"2":4,"3":4,"4":4,"5":4,"6":4,"7":4,"8":1,"9":3,"10":3,"11":0,"12":0,"13":7,"14":2,"15":2,"16":2,"17":2,"18":2,"19":2,"20":1,"21":1,"22":0,"23":0,"24":7},"f":{"0":4,"1":4,"2":2,"3":2},"b":{"0":[1],"1":[1]}}
,"C:\\Users\\Adi Mor\\computerScience\\year3\\project\\Travel-Talk\\src\\middlewares\\auth_middleware.ts": {"path":"C:\\Users\\Adi Mor\\computerScience\\year3\\project\\Travel-Talk\\src\\middlewares\\auth_middleware.ts","statementMap":{"0":{"start":{"line":2,"column":0},"end":{"line":2,"column":31}},"1":{"start":{"line":8,"column":23},"end":{"line":23,"column":1}},"2":{"start":{"line":13,"column":21},"end":{"line":13,"column":49}},"3":{"start":{"line":14,"column":16},"end":{"line":14,"column":54}},"4":{"start":{"line":15,"column":2},"end":{"line":15,"column":69}},"5":{"start":{"line":15,"column":14},"end":{"line":15,"column":69}},"6":{"start":{"line":16,"column":2},"end":{"line":22,"column":null}},"7":{"start":{"line":17,"column":20},"end":{"line":17,"column":61}},"8":{"start":{"line":18,"column":4},"end":{"line":18,"column":42}},"9":{"start":{"line":19,"column":4},"end":{"line":19,"column":11}},"10":{"start":{"line":21,"column":4},"end":{"line":21,"column":31}},"11":{"start":{"line":25,"column":0},"end":{"line":25,"column":30}}},"fnMap":{"0":{"name":"(anonymous_1)","decl":{"start":{"line":8,"column":23},"end":{"line":8,"column":null}},"loc":{"start":{"line":12,"column":4},"end":{"line":23,"column":1}}}},"branchMap":{"0":{"loc":{"start":{"line":14,"column":16},"end":{"line":14,"column":54}},"type":"binary-expr","locations":[{"start":{"line":14,"column":16},"end":{"line":14,"column":26}},{"start":{"line":14,"column":30},"end":{"line":14,"column":54}}]},"1":{"loc":{"start":{"line":15,"column":2},"end":{"line":15,"column":69}},"type":"if","locations":[{"start":{"line":15,"column":2},"end":{"line":15,"column":69}}]}},"s":{"0":7,"1":7,"2":19,"3":19,"4":19,"5":1,"6":18,"7":18,"8":16,"9":16,"10":2,"11":7},"f":{"0":19},"b":{"0":[19,18],"1":[1]}}
,"C:\\Users\\Adi Mor\\computerScience\\year3\\project\\Travel-Talk\\src\\models\\post_interaction_model.ts": {"path":"C:\\Users\\Adi Mor\\computerScience\\year3\\project\\Travel-Talk\\src\\models\\post_interaction_model.ts","statementMap":{"0":{"start":{"line":1,"column":0},"end":{"line":1,"column":32}},"1":{"start":{"line":14,"column":30},"end":{"line":29,"column":4}},"2":{"start":{"line":31,"column":0},"end":{"line":31,"column":90}}},"fnMap":{},"branchMap":{},"s":{"0":7,"1":7,"2":7},"f":{},"b":{}}
,"C:\\Users\\Adi Mor\\computerScience\\year3\\project\\Travel-Talk\\src\\models\\post_model.ts": {"path":"C:\\Users\\Adi Mor\\computerScience\\year3\\project\\Travel-Talk\\src\\models\\post_model.ts","statementMap":{"0":{"start":{"line":1,"column":0},"end":{"line":1,"column":32}},"1":{"start":{"line":11,"column":19},"end":{"line":32,"column":2}},"2":{"start":{"line":34,"column":0},"end":{"line":34,"column":57}}},"fnMap":{},"branchMap":{},"s":{"0":7,"1":7,"2":7},"f":{},"b":{}}
,"C:\\Users\\Adi Mor\\computerScience\\year3\\project\\Travel-Talk\\src\\models\\user_model.ts": {"path":"C:\\Users\\Adi Mor\\computerScience\\year3\\project\\Travel-Talk\\src\\models\\user_model.ts","statementMap":{"0":{"start":{"line":1,"column":0},"end":{"line":1,"column":61}},"1":{"start":{"line":15,"column":19},"end":{"line":38,"column":2}},"2":{"start":{"line":40,"column":18},"end":{"line":40,"column":59}},"3":{"start":{"line":42,"column":0},"end":{"line":42,"column":25}}},"fnMap":{},"branchMap":{},"s":{"0":7,"1":7,"2":7,"3":7},"f":{},"b":{}}
,"C:\\Users\\Adi Mor\\computerScience\\year3\\project\\Travel-Talk\\src\\routes\\auth_route.ts": {"path":"C:\\Users\\Adi Mor\\computerScience\\year3\\project\\Travel-Talk\\src\\routes\\auth_route.ts","statementMap":{"0":{"start":{"line":1,"column":0},"end":{"line":1,"column":30}},"1":{"start":{"line":2,"column":0},"end":{"line":2,"column":60}},"2":{"start":{"line":4,"column":15},"end":{"line":4,"column":31}},"3":{"start":{"line":47,"column":0},"end":{"line":47,"column":50}},"4":{"start":{"line":94,"column":0},"end":{"line":94,"column":44}},"5":{"start":{"line":95,"column":0},"end":{"line":95,"column":56}},"6":{"start":{"line":111,"column":0},"end":{"line":111,"column":46}},"7":{"start":{"line":134,"column":0},"end":{"line":134,"column":52}},"8":{"start":{"line":136,"column":0},"end":{"line":136,"column":22}}},"fnMap":{},"branchMap":{},"s":{"0":7,"1":7,"2":7,"3":7,"4":7,"5":7,"6":7,"7":7,"8":7},"f":{},"b":{}}
,"C:\\Users\\Adi Mor\\computerScience\\year3\\project\\Travel-Talk\\src\\routes\\file_route.ts": {"path":"C:\\Users\\Adi Mor\\computerScience\\year3\\project\\Travel-Talk\\src\\routes\\file_route.ts","statementMap":{"0":{"start":{"line":1,"column":0},"end":{"line":1,"column":30}},"1":{"start":{"line":2,"column":15},"end":{"line":2,"column":31}},"2":{"start":{"line":3,"column":0},"end":{"line":3,"column":28}},"3":{"start":{"line":6,"column":13},"end":{"line":6,"column":37}},"4":{"start":{"line":8,"column":16},"end":{"line":19,"column":2}},"5":{"start":{"line":10,"column":8},"end":{"line":10,"column":null}},"6":{"start":{"line":13,"column":20},"end":{"line":16,"column":22}},"7":{"start":{"line":17,"column":8},"end":{"line":17,"column":null}},"8":{"start":{"line":20,"column":15},"end":{"line":20,"column":43}},"9":{"start":{"line":22,"column":0},"end":{"line":25,"column":3}},"10":{"start":{"line":23,"column":4},"end":{"line":23,"column":null}},"11":{"start":{"line":24,"column":4},"end":{"line":24,"column":null}},"12":{"start":{"line":26,"column":0},"end":{"line":26,"column":16}}},"fnMap":{"0":{"name":"(anonymous_1)","decl":{"start":{"line":9,"column":17},"end":{"line":9,"column":27}},"loc":{"start":{"line":9,"column":40},"end":{"line":11,"column":5}}},"1":{"name":"(anonymous_2)","decl":{"start":{"line":12,"column":14},"end":{"line":12,"column":24}},"loc":{"start":{"line":12,"column":37},"end":{"line":18,"column":5}}},"2":{"name":"(anonymous_3)","decl":{"start":{"line":22,"column":40},"end":{"line":22,"column":50}},"loc":{"start":{"line":22,"column":58},"end":{"line":25,"column":1}}}},"branchMap":{},"s":{"0":7,"1":7,"2":7,"3":7,"4":7,"5":1,"6":1,"7":1,"8":7,"9":7,"10":1,"11":1,"12":7},"f":{"0":1,"1":1,"2":1},"b":{}}
,"C:\\Users\\Adi Mor\\computerScience\\year3\\project\\Travel-Talk\\src\\routes\\post_interaction_route.ts": {"path":"C:\\Users\\Adi Mor\\computerScience\\year3\\project\\Travel-Talk\\src\\routes\\post_interaction_route.ts","statementMap":{"0":{"start":{"line":1,"column":0},"end":{"line":1,"column":30}},"1":{"start":{"line":2,"column":0},"end":{"line":2,"column":83}},"2":{"start":{"line":3,"column":0},"end":{"line":3,"column":60}},"3":{"start":{"line":5,"column":15},"end":{"line":5,"column":31}},"4":{"start":{"line":59,"column":0},"end":{"line":59,"column":103}},"5":{"start":{"line":81,"column":0},"end":{"line":81,"column":113}},"6":{"start":{"line":103,"column":0},"end":{"line":103,"column":123}},"7":{"start":{"line":125,"column":0},"end":{"line":125,"column":125}},"8":{"start":{"line":151,"column":0},"end":{"line":151,"column":110}},"9":{"start":{"line":153,"column":0},"end":{"line":153,"column":22}}},"fnMap":{},"branchMap":{},"s":{"0":7,"1":7,"2":7,"3":7,"4":7,"5":7,"6":7,"7":7,"8":7,"9":7},"f":{},"b":{}}
,"C:\\Users\\Adi Mor\\computerScience\\year3\\project\\Travel-Talk\\src\\routes\\post_route.ts": {"path":"C:\\Users\\Adi Mor\\computerScience\\year3\\project\\Travel-Talk\\src\\routes\\post_route.ts","statementMap":{"0":{"start":{"line":1,"column":0},"end":{"line":1,"column":30}},"1":{"start":{"line":2,"column":15},"end":{"line":2,"column":31}},"2":{"start":{"line":3,"column":0},"end":{"line":3,"column":60}},"3":{"start":{"line":4,"column":0},"end":{"line":4,"column":60}},"4":{"start":{"line":57,"column":0},"end":{"line":57,"column":60}},"5":{"start":{"line":80,"column":0},"end":{"line":80,"column":64}},"6":{"start":{"line":111,"column":0},"end":{"line":111,"column":77}},"7":{"start":{"line":142,"column":0},"end":{"line":146,"column":2}},"8":{"start":{"line":170,"column":0},"end":{"line":174,"column":2}},"9":{"start":{"line":176,"column":0},"end":{"line":176,"column":22}}},"fnMap":{},"branchMap":{},"s":{"0":7,"1":7,"2":7,"3":7,"4":7,"5":7,"6":7,"7":7,"8":7,"9":7},"f":{},"b":{}}
,"C:\\Users\\Adi Mor\\computerScience\\year3\\project\\Travel-Talk\\src\\routes\\user_route.ts": {"path":"C:\\Users\\Adi Mor\\computerScience\\year3\\project\\Travel-Talk\\src\\routes\\user_route.ts","statementMap":{"0":{"start":{"line":1,"column":0},"end":{"line":1,"column":30}},"1":{"start":{"line":2,"column":0},"end":{"line":2,"column":60}},"2":{"start":{"line":3,"column":0},"end":{"line":3,"column":60}},"3":{"start":{"line":4,"column":15},"end":{"line":4,"column":31}},"4":{"start":{"line":69,"column":0},"end":{"line":69,"column":70}},"5":{"start":{"line":106,"column":0},"end":{"line":106,"column":75}},"6":{"start":{"line":108,"column":0},"end":{"line":108,"column":22}}},"fnMap":{},"branchMap":{},"s":{"0":7,"1":7,"2":7,"3":7,"4":7,"5":7,"6":7},"f":{},"b":{}}
,"C:\\Users\\Adi Mor\\computerScience\\year3\\project\\Travel-Talk\\src\\routes\\weather_route.ts": {"path":"C:\\Users\\Adi Mor\\computerScience\\year3\\project\\Travel-Talk\\src\\routes\\weather_route.ts","statementMap":{"0":{"start":{"line":1,"column":0},"end":{"line":1,"column":53}},"1":{"start":{"line":2,"column":0},"end":{"line":2,"column":26}},"2":{"start":{"line":4,"column":15},"end":{"line":4,"column":31}},"3":{"start":{"line":6,"column":39},"end":{"line":6,"column":79}},"4":{"start":{"line":18,"column":0},"end":{"line":44,"column":3}},"5":{"start":{"line":18,"column":59},"end":{"line":44,"column":2}},"6":{"start":{"line":19,"column":2},"end":{"line":43,"column":null}},"7":{"start":{"line":20,"column":21},"end":{"line":20,"column":31}},"8":{"start":{"line":21,"column":24},"end":{"line":21,"column":127}},"9":{"start":{"line":23,"column":21},"end":{"line":23,"column":58}},"10":{"start":{"line":24,"column":30},"end":{"line":24,"column":43}},"11":{"start":{"line":26,"column":4},"end":{"line":30,"column":7}},"12":{"start":{"line":32,"column":4},"end":{"line":38,"column":null}},"13":{"start":{"line":33,"column":6},"end":{"line":33,"column":73}},"14":{"start":{"line":34,"column":6},"end":{"line":37,"column":9}},"15":{"start":{"line":46,"column":0},"end":{"line":46,"column":22}}},"fnMap":{"0":{"name":"(anonymous_8)","decl":{"start":{"line":18,"column":21},"end":{"line":18,"column":28}},"loc":{"start":{"line":18,"column":59},"end":{"line":44,"column":2}}},"1":{"name":"(anonymous_9)","decl":{"start":{"line":18,"column":59},"end":{"line":18,"column":null}},"loc":{"start":{"line":18,"column":59},"end":{"line":44,"column":1}}}},"branchMap":{"0":{"loc":{"start":{"line":6,"column":39},"end":{"line":6,"column":79}},"type":"binary-expr","locations":[{"start":{"line":6,"column":39},"end":{"line":6,"column":73}},{"start":{"line":6,"column":77},"end":{"line":6,"column":79}}]},"1":{"loc":{"start":{"line":32,"column":4},"end":{"line":38,"column":null}},"type":"if","locations":[{"start":{"line":32,"column":4},"end":{"line":38,"column":null}}]}},"s":{"0":7,"1":7,"2":7,"3":7,"4":7,"5":2,"6":2,"7":2,"8":2,"9":2,"10":1,"11":1,"12":1,"13":1,"14":1,"15":7},"f":{"0":2,"1":2},"b":{"0":[7,0],"1":[1]}}
}
