TN:
SF:src\app.ts
FN:14,(anonymous_1)
FN:15,(anonymous_2)
FN:17,(anonymous_3)
FN:18,(anonymous_4)
FN:21,(anonymous_5)
FN:26,(anonymous_6)
FNF:6
FNH:5
FNDA:7,(anonymous_1)
FNDA:7,(anonymous_2)
FNDA:7,(anonymous_3)
FNDA:0,(anonymous_4)
FNDA:7,(anonymous_5)
FNDA:60,(anonymous_6)
DA:1,7
DA:2,7
DA:3,7
DA:4,7
DA:5,7
DA:6,7
DA:7,7
DA:8,7
DA:9,7
DA:10,7
DA:11,7
DA:12,7
DA:14,7
DA:15,7
DA:16,7
DA:17,7
DA:18,7
DA:19,7
DA:20,7
DA:21,7
DA:22,7
DA:23,7
DA:24,7
DA:25,7
DA:26,7
DA:27,60
DA:28,60
DA:29,60
DA:30,60
DA:32,7
DA:33,7
DA:34,7
DA:35,7
DA:36,7
DA:37,7
DA:38,7
DA:39,7
DA:42,7
DA:45,7
LF:39
LH:39
BRF:0
BRH:0
end_of_record
TN:
SF:src\controllers\auth_controller.ts
FN:7,(anonymous_8)
FN:7,(anonymous_9)
FN:35,(anonymous_10)
FN:35,(anonymous_11)
FN:78,(anonymous_12)
FN:78,(anonymous_13)
FN:107,(anonymous_14)
FN:114,(anonymous_15)
FN:114,(anonymous_16)
FN:122,(anonymous_17)
FN:122,(anonymous_18)
FN:148,(anonymous_19)
FN:167,(anonymous_20)
FN:167,(anonymous_21)
FNF:14
FNH:12
FNDA:12,(anonymous_8)
FNDA:12,(anonymous_9)
FNDA:10,(anonymous_10)
FNDA:10,(anonymous_11)
FNDA:3,(anonymous_12)
FNDA:3,(anonymous_13)
FNDA:1,(anonymous_14)
FNDA:6,(anonymous_15)
FNDA:6,(anonymous_16)
FNDA:4,(anonymous_17)
FNDA:4,(anonymous_18)
FNDA:1,(anonymous_19)
FNDA:0,(anonymous_20)
FNDA:0,(anonymous_21)
DA:2,7
DA:3,7
DA:4,7
DA:5,7
DA:7,12
DA:8,12
DA:9,12
DA:10,12
DA:11,12
DA:12,1
DA:14,11
DA:15,11
DA:16,11
DA:17,6
DA:20,5
DA:21,5
DA:23,5
DA:28,5
DA:30,0
DA:31,0
DA:35,10
DA:36,10
DA:37,10
DA:38,10
DA:39,1
DA:41,9
DA:42,9
DA:44,9
DA:45,1
DA:48,8
DA:49,8
DA:50,8
DA:51,0
DA:54,8
DA:57,8
DA:61,8
DA:62,0
DA:64,8
DA:66,8
DA:67,8
DA:73,0
DA:74,0
DA:78,7
DA:80,3
DA:81,3
DA:83,3
DA:86,2
DA:87,2
DA:88,1
DA:89,1
DA:91,1
DA:93,1
DA:94,0
DA:97,1
DA:99,1
DA:101,0
DA:102,0
DA:103,0
DA:106,1
DA:107,1
DA:109,1
DA:110,1
DA:114,7
DA:115,6
DA:116,6
DA:118,6
DA:119,4
DA:122,4
DA:123,4
DA:124,2
DA:125,2
DA:127,2
DA:128,2
DA:129,2
DA:133,0
DA:134,0
DA:136,0
DA:138,1
DA:143,1
DA:147,1
DA:148,1
DA:151,1
DA:152,1
DA:153,1
DA:160,1
DA:166,7
DA:167,7
DA:168,0
DA:169,0
DA:170,0
DA:171,0
DA:173,0
DA:174,0
DA:178,0
DA:179,0
DA:180,0
DA:181,0
DA:182,0
DA:183,0
DA:185,0
DA:191,0
DA:194,0
DA:198,0
DA:199,0
DA:201,0
DA:203,0
DA:204,0
DA:211,0
DA:212,0
DA:216,7
LF:110
LH:75
BRDA:11,0,0,1
BRDA:11,1,0,12
BRDA:11,1,1,11
BRDA:11,1,2,11
BRDA:16,2,0,6
BRDA:38,3,0,1
BRDA:38,4,0,10
BRDA:38,4,1,9
BRDA:44,5,0,1
BRDA:50,6,0,0
BRDA:61,7,0,0
BRDA:61,7,1,8
BRDA:81,8,0,3
BRDA:81,8,1,2
BRDA:83,9,0,1
BRDA:93,10,0,0
BRDA:99,11,0,0
BRDA:99,11,1,1
BRDA:99,12,0,1
BRDA:99,12,1,1
BRDA:116,13,0,6
BRDA:116,13,1,5
BRDA:118,14,0,2
BRDA:123,15,0,2
BRDA:129,16,0,0
BRDA:130,17,0,2
BRDA:130,17,1,1
BRDA:180,18,0,0
BRDA:180,18,1,0
BRDA:180,19,0,0
BRDA:180,19,1,0
BRDA:181,20,0,0
BRDA:183,21,0,0
BRDA:188,22,0,0
BRDA:188,22,1,0
BRDA:188,23,0,0
BRDA:188,23,1,0
BRDA:198,24,0,0
BRDA:198,24,1,0
BRF:39
BRH:22
end_of_record
TN:
SF:src\controllers\post_controller.ts
FN:5,(anonymous_8)
FN:15,(anonymous_10)
FN:29,(anonymous_12)
FN:39,(anonymous_14)
FN:55,(anonymous_16)
FNF:5
FNH:5
FNDA:4,(anonymous_8)
FNDA:2,(anonymous_10)
FNDA:2,(anonymous_12)
FNDA:1,(anonymous_14)
FNDA:2,(anonymous_16)
DA:1,7
DA:6,4
DA:7,4
DA:8,4
DA:9,4
DA:11,0
DA:16,2
DA:17,2
DA:18,2
DA:19,2
DA:20,2
DA:21,1
DA:23,1
DA:25,0
DA:30,2
DA:31,2
DA:32,2
DA:33,2
DA:35,0
DA:40,1
DA:41,1
DA:42,1
DA:43,1
DA:46,1
DA:47,0
DA:49,1
DA:51,0
DA:56,2
DA:57,2
DA:58,2
DA:59,2
DA:63,1
DA:65,1
DA:70,7
LF:34
LH:29
BRDA:20,0,0,1
BRDA:46,1,0,0
BRF:2
BRH:1
end_of_record
TN:
SF:src\controllers\post_interaction_controller.ts
FN:8,(anonymous_8)
FN:18,(anonymous_10)
FN:29,(anonymous_12)
FN:41,(anonymous_14)
FN:53,(anonymous_16)
FNF:5
FNH:5
FNDA:1,(anonymous_8)
FNDA:1,(anonymous_10)
FNDA:1,(anonymous_12)
FNDA:1,(anonymous_14)
FNDA:1,(anonymous_16)
DA:2,7
DA:3,7
DA:9,1
DA:10,1
DA:11,1
DA:12,1
DA:14,0
DA:19,1
DA:20,1
DA:21,1
DA:22,1
DA:23,1
DA:25,0
DA:30,1
DA:31,1
DA:33,1
DA:34,1
DA:35,1
DA:37,0
DA:42,1
DA:43,1
DA:44,1
DA:45,1
DA:46,1
DA:48,0
DA:54,1
DA:55,1
DA:57,1
DA:58,1
DA:60,1
DA:61,1
DA:64,1
DA:66,1
DA:68,1
DA:70,0
DA:77,7
LF:36
LH:31
BRDA:60,0,0,1
BRF:1
BRH:1
end_of_record
TN:
SF:src\controllers\user_controller.ts
FN:4,(anonymous_8)
FN:4,(anonymous_9)
FN:30,(anonymous_10)
FN:30,(anonymous_11)
FNF:4
FNH:4
FNDA:4,(anonymous_8)
FNDA:4,(anonymous_9)
FNDA:2,(anonymous_10)
FNDA:2,(anonymous_11)
DA:2,7
DA:4,7
DA:5,4
DA:6,4
DA:7,4
DA:10,4
DA:12,4
DA:13,1
DA:16,3
DA:23,3
DA:25,0
DA:26,0
DA:30,7
DA:31,2
DA:32,2
DA:33,2
DA:36,2
DA:42,2
DA:43,1
DA:45,1
DA:47,0
DA:48,0
DA:52,7
LF:23
LH:19
BRDA:12,0,0,1
BRDA:42,1,0,1
BRF:2
BRH:2
end_of_record
TN:
SF:src\middlewares\auth_middleware.ts
FN:8,(anonymous_1)
FNF:1
FNH:1
FNDA:19,(anonymous_1)
DA:2,7
DA:8,7
DA:13,19
DA:14,19
DA:15,19
DA:16,18
DA:17,18
DA:18,16
DA:19,16
DA:21,2
DA:25,7
LF:11
LH:11
BRDA:14,0,0,19
BRDA:14,0,1,18
BRDA:15,1,0,1
BRF:3
BRH:3
end_of_record
TN:
SF:src\models\post_interaction_model.ts
FNF:0
FNH:0
DA:1,7
DA:14,7
DA:31,7
LF:3
LH:3
BRF:0
BRH:0
end_of_record
TN:
SF:src\models\post_model.ts
FNF:0
FNH:0
DA:1,7
DA:11,7
DA:34,7
LF:3
LH:3
BRF:0
BRH:0
end_of_record
TN:
SF:src\models\user_model.ts
FNF:0
FNH:0
DA:1,7
DA:15,7
DA:40,7
DA:42,7
LF:4
LH:4
BRF:0
BRH:0
end_of_record
TN:
SF:src\routes\auth_route.ts
FNF:0
FNH:0
DA:1,7
DA:2,7
DA:4,7
DA:47,7
DA:94,7
DA:95,7
DA:111,7
DA:134,7
DA:136,7
LF:9
LH:9
BRF:0
BRH:0
end_of_record
TN:
SF:src\routes\file_route.ts
FN:9,(anonymous_1)
FN:12,(anonymous_2)
FN:22,(anonymous_3)
FNF:3
FNH:3
FNDA:1,(anonymous_1)
FNDA:1,(anonymous_2)
FNDA:1,(anonymous_3)
DA:1,7
DA:2,7
DA:3,7
DA:6,7
DA:8,7
DA:10,1
DA:13,1
DA:17,1
DA:20,7
DA:22,7
DA:23,1
DA:24,1
DA:26,7
LF:13
LH:13
BRF:0
BRH:0
end_of_record
TN:
SF:src\routes\post_interaction_route.ts
FNF:0
FNH:0
DA:1,7
DA:2,7
DA:3,7
DA:5,7
DA:59,7
DA:81,7
DA:103,7
DA:125,7
DA:151,7
DA:153,7
LF:10
LH:10
BRF:0
BRH:0
end_of_record
TN:
SF:src\routes\post_route.ts
FNF:0
FNH:0
DA:1,7
DA:2,7
DA:3,7
DA:4,7
DA:57,7
DA:80,7
DA:111,7
DA:142,7
DA:170,7
DA:176,7
LF:10
LH:10
BRF:0
BRH:0
end_of_record
TN:
SF:src\routes\user_route.ts
FNF:0
FNH:0
DA:1,7
DA:2,7
DA:3,7
DA:4,7
DA:69,7
DA:106,7
DA:108,7
LF:7
LH:7
BRF:0
BRH:0
end_of_record
TN:
SF:src\routes\weather_route.ts
FN:18,(anonymous_8)
FN:18,(anonymous_9)
FNF:2
FNH:2
FNDA:2,(anonymous_8)
FNDA:2,(anonymous_9)
DA:1,7
DA:2,7
DA:4,7
DA:6,7
DA:18,7
DA:19,2
DA:20,2
DA:21,2
DA:23,2
DA:24,1
DA:26,1
DA:32,1
DA:33,1
DA:34,1
DA:46,7
LF:15
LH:15
BRDA:6,0,0,7
BRDA:6,0,1,0
BRDA:32,1,0,1
BRF:3
BRH:2
end_of_record
