TN:
SF:src\app.ts
FN:14,(anonymous_1)
FN:15,(anonymous_2)
FN:17,(anonymous_3)
FN:18,(anonymous_4)
FN:21,(anonymous_5)
FN:26,(anonymous_6)
FNF:6
FNH:5
FNDA:6,(anonymous_1)
FNDA:6,(anonymous_2)
FNDA:6,(anonymous_3)
FNDA:0,(anonymous_4)
FNDA:6,(anonymous_5)
FNDA:45,(anonymous_6)
DA:1,6
DA:2,6
DA:3,6
DA:4,6
DA:5,6
DA:6,6
DA:7,6
DA:8,6
DA:9,6
DA:10,6
DA:11,6
DA:12,6
DA:14,6
DA:15,6
DA:16,6
DA:17,6
DA:18,6
DA:19,6
DA:20,6
DA:21,6
DA:22,6
DA:23,6
DA:24,6
DA:25,6
DA:26,6
DA:27,45
DA:28,45
DA:29,45
DA:30,45
DA:32,6
DA:33,6
DA:34,6
DA:35,6
DA:36,6
DA:37,6
DA:38,6
DA:39,6
DA:42,6
DA:45,6
LF:39
LH:39
BRF:0
BRH:0
end_of_record
TN:
SF:src\controllers\auth_controller.ts
FN:7,(anonymous_8)
FN:7,(anonymous_9)
FN:35,(anonymous_10)
FN:35,(anonymous_11)
FN:78,(anonymous_12)
FN:78,(anonymous_13)
FN:107,(anonymous_14)
FN:114,(anonymous_15)
FN:114,(anonymous_16)
FN:122,(anonymous_17)
FN:122,(anonymous_18)
FN:147,(anonymous_19)
FN:164,(anonymous_20)
FN:164,(anonymous_21)
FNF:14
FNH:12
FNDA:10,(anonymous_8)
FNDA:10,(anonymous_9)
FNDA:8,(anonymous_10)
FNDA:8,(anonymous_11)
FNDA:1,(anonymous_12)
FNDA:1,(anonymous_13)
FNDA:1,(anonymous_14)
FNDA:1,(anonymous_15)
FNDA:1,(anonymous_16)
FNDA:1,(anonymous_17)
FNDA:1,(anonymous_18)
FNDA:1,(anonymous_19)
FNDA:0,(anonymous_20)
FNDA:0,(anonymous_21)
DA:2,6
DA:3,6
DA:4,6
DA:5,6
DA:7,10
DA:8,10
DA:9,10
DA:10,10
DA:11,10
DA:12,1
DA:14,9
DA:15,9
DA:16,9
DA:17,5
DA:20,4
DA:21,4
DA:23,4
DA:28,4
DA:30,0
DA:31,0
DA:35,8
DA:36,8
DA:37,8
DA:38,8
DA:39,1
DA:41,7
DA:42,7
DA:44,7
DA:45,1
DA:48,6
DA:49,6
DA:50,6
DA:51,0
DA:54,6
DA:57,6
DA:61,6
DA:62,0
DA:64,6
DA:66,6
DA:67,6
DA:73,0
DA:74,0
DA:78,6
DA:80,1
DA:81,1
DA:83,1
DA:86,1
DA:87,1
DA:88,1
DA:89,1
DA:91,0
DA:93,1
DA:94,0
DA:97,1
DA:99,1
DA:101,0
DA:102,0
DA:103,0
DA:106,1
DA:107,1
DA:109,1
DA:110,1
DA:114,6
DA:115,1
DA:116,1
DA:118,1
DA:119,1
DA:122,1
DA:123,1
DA:124,0
DA:125,0
DA:127,1
DA:128,1
DA:129,1
DA:133,0
DA:134,0
DA:135,0
DA:137,1
DA:142,1
DA:146,1
DA:147,1
DA:150,1
DA:151,1
DA:152,1
DA:157,0
DA:163,6
DA:164,6
DA:165,0
DA:166,0
DA:167,0
DA:168,0
DA:170,0
DA:171,0
DA:175,0
DA:176,0
DA:177,0
DA:178,0
DA:179,0
DA:180,0
DA:182,0
DA:188,0
DA:191,0
DA:195,0
DA:196,0
DA:198,0
DA:200,0
DA:201,0
DA:208,0
DA:209,0
DA:213,6
LF:110
LH:71
BRDA:11,0,0,1
BRDA:11,1,0,10
BRDA:11,1,1,9
BRDA:11,1,2,9
BRDA:16,2,0,5
BRDA:38,3,0,1
BRDA:38,4,0,8
BRDA:38,4,1,7
BRDA:44,5,0,1
BRDA:50,6,0,0
BRDA:61,7,0,0
BRDA:61,7,1,6
BRDA:81,8,0,1
BRDA:81,8,1,1
BRDA:83,9,0,0
BRDA:93,10,0,0
BRDA:99,11,0,0
BRDA:99,11,1,1
BRDA:99,12,0,1
BRDA:99,12,1,1
BRDA:116,13,0,1
BRDA:116,13,1,1
BRDA:118,14,0,0
BRDA:123,15,0,0
BRDA:129,16,0,0
BRDA:130,17,0,1
BRDA:130,17,1,1
BRDA:177,18,0,0
BRDA:177,18,1,0
BRDA:177,19,0,0
BRDA:177,19,1,0
BRDA:178,20,0,0
BRDA:180,21,0,0
BRDA:185,22,0,0
BRDA:185,22,1,0
BRDA:185,23,0,0
BRDA:185,23,1,0
BRDA:195,24,0,0
BRDA:195,24,1,0
BRF:39
BRH:19
end_of_record
TN:
SF:src\controllers\post_controller.ts
FN:6,(anonymous_8)
FN:16,(anonymous_10)
FN:30,(anonymous_12)
FN:40,(anonymous_14)
FN:54,(anonymous_16)
FNF:5
FNH:5
FNDA:4,(anonymous_8)
FNDA:1,(anonymous_10)
FNDA:2,(anonymous_12)
FNDA:1,(anonymous_14)
FNDA:1,(anonymous_16)
DA:1,6
DA:7,4
DA:8,4
DA:9,4
DA:10,4
DA:12,0
DA:17,1
DA:18,1
DA:19,1
DA:20,1
DA:21,1
DA:22,0
DA:24,1
DA:26,0
DA:31,2
DA:32,2
DA:33,2
DA:34,2
DA:36,0
DA:41,1
DA:42,1
DA:43,1
DA:44,1
DA:45,1
DA:46,0
DA:48,1
DA:50,0
DA:55,1
DA:56,1
DA:57,1
DA:58,1
DA:59,1
DA:60,0
DA:62,1
DA:64,0
DA:70,6
LF:36
LH:28
BRDA:21,0,0,0
BRDA:45,1,0,0
BRDA:59,2,0,0
BRF:3
BRH:0
end_of_record
TN:
SF:src\controllers\post_interaction_controller.ts
FN:8,(anonymous_8)
FN:18,(anonymous_10)
FN:29,(anonymous_12)
FN:41,(anonymous_14)
FN:53,(anonymous_16)
FNF:5
FNH:5
FNDA:1,(anonymous_8)
FNDA:1,(anonymous_10)
FNDA:1,(anonymous_12)
FNDA:1,(anonymous_14)
FNDA:1,(anonymous_16)
DA:2,6
DA:3,6
DA:9,1
DA:10,1
DA:11,1
DA:12,1
DA:14,0
DA:19,1
DA:20,1
DA:21,1
DA:22,1
DA:23,1
DA:25,0
DA:30,1
DA:31,1
DA:33,1
DA:34,1
DA:35,1
DA:37,0
DA:42,1
DA:43,1
DA:44,1
DA:45,1
DA:46,1
DA:48,0
DA:54,1
DA:55,1
DA:57,1
DA:58,1
DA:60,1
DA:61,1
DA:64,1
DA:66,1
DA:68,1
DA:70,0
DA:77,6
LF:36
LH:31
BRDA:60,0,0,1
BRF:1
BRH:1
end_of_record
TN:
SF:src\controllers\user_controller.ts
FN:4,(anonymous_8)
FN:4,(anonymous_9)
FN:30,(anonymous_10)
FN:30,(anonymous_11)
FNF:4
FNH:4
FNDA:4,(anonymous_8)
FNDA:4,(anonymous_9)
FNDA:2,(anonymous_10)
FNDA:2,(anonymous_11)
DA:2,6
DA:4,6
DA:5,4
DA:6,4
DA:7,4
DA:10,4
DA:12,4
DA:13,1
DA:16,3
DA:23,3
DA:25,0
DA:26,0
DA:30,6
DA:31,2
DA:32,2
DA:33,2
DA:36,2
DA:42,2
DA:43,1
DA:45,1
DA:47,0
DA:48,0
DA:52,6
LF:23
LH:19
BRDA:12,0,0,1
BRDA:42,1,0,1
BRF:2
BRH:2
end_of_record
TN:
SF:src\middlewares\auth_middleware.ts
FN:8,(anonymous_1)
FNF:1
FNH:1
FNDA:18,(anonymous_1)
DA:2,6
DA:8,6
DA:13,18
DA:14,18
DA:15,18
DA:16,17
DA:17,17
DA:18,15
DA:19,15
DA:21,2
DA:25,6
LF:11
LH:11
BRDA:14,0,0,18
BRDA:14,0,1,17
BRDA:15,1,0,1
BRF:3
BRH:3
end_of_record
TN:
SF:src\models\post_interaction_model.ts
FNF:0
FNH:0
DA:1,6
DA:14,6
DA:31,6
LF:3
LH:3
BRF:0
BRH:0
end_of_record
TN:
SF:src\models\post_model.ts
FNF:0
FNH:0
DA:1,6
DA:11,6
DA:34,6
LF:3
LH:3
BRF:0
BRH:0
end_of_record
TN:
SF:src\models\user_model.ts
FNF:0
FNH:0
DA:1,6
DA:15,6
DA:40,6
DA:42,6
LF:4
LH:4
BRF:0
BRH:0
end_of_record
TN:
SF:src\routes\auth_route.ts
FNF:0
FNH:0
DA:1,6
DA:2,6
DA:4,6
DA:47,6
DA:94,6
DA:95,6
DA:111,6
DA:134,6
DA:136,6
LF:9
LH:9
BRF:0
BRH:0
end_of_record
TN:
SF:src\routes\file_route.ts
FN:9,(anonymous_1)
FN:12,(anonymous_2)
FN:22,(anonymous_3)
FNF:3
FNH:3
FNDA:1,(anonymous_1)
FNDA:1,(anonymous_2)
FNDA:1,(anonymous_3)
DA:1,6
DA:2,6
DA:3,6
DA:6,6
DA:8,6
DA:10,1
DA:13,1
DA:17,1
DA:20,6
DA:22,6
DA:23,1
DA:24,1
DA:26,6
LF:13
LH:13
BRF:0
BRH:0
end_of_record
TN:
SF:src\routes\post_interaction_route.ts
FNF:0
FNH:0
DA:1,6
DA:2,6
DA:3,6
DA:5,6
DA:59,6
DA:81,6
DA:103,6
DA:125,6
DA:151,6
DA:153,6
LF:10
LH:10
BRF:0
BRH:0
end_of_record
TN:
SF:src\routes\post_route.ts
FNF:0
FNH:0
DA:1,6
DA:2,6
DA:3,6
DA:4,6
DA:57,6
DA:80,6
DA:111,6
DA:142,6
DA:170,6
DA:176,6
LF:10
LH:10
BRF:0
BRH:0
end_of_record
TN:
SF:src\routes\user_route.ts
FNF:0
FNH:0
DA:1,6
DA:2,6
DA:3,6
DA:4,6
DA:69,6
DA:106,6
DA:108,6
LF:7
LH:7
BRF:0
BRH:0
end_of_record
TN:
SF:src\routes\weather_route.ts
FN:18,(anonymous_8)
FN:18,(anonymous_9)
FNF:2
FNH:0
FNDA:0,(anonymous_8)
FNDA:0,(anonymous_9)
DA:1,6
DA:2,6
DA:4,6
DA:6,6
DA:18,6
DA:19,0
DA:20,0
DA:21,0
DA:23,0
DA:24,0
DA:26,0
DA:32,0
DA:33,0
DA:34,0
DA:36,0
DA:37,0
DA:42,6
LF:17
LH:6
BRDA:6,0,0,6
BRDA:6,0,1,0
BRDA:32,1,0,0
BRDA:32,1,1,0
BRF:4
BRH:1
end_of_record
